生成启动时间为 2016/5/12 11:10:30。
     1>项目“F:\Project\opengl\OpenGL实例编程精粹示例源码\OpenGL实例编程精粹示例源码\第8章\OpenGL显示中文\OpenGL显示中文.vcxproj”在节点 2 上(build 个目标)。
     1>InitializeBuildStatus:
         正在对“Debug\OpenGL显示中文.unsuccessfulbuild”执行 Touch 任务。
       ClCompile:
         C:\Program Files (x86)\Microsoft Visual Studio 10.0\VC\bin\CL.exe /c /ZI /nologo /W3 /WX- /Od /Oy- /D WIN32 /D _DEBUG /D _WINDOWS /D _VC80_UPGRADE=0x0710 /D _MBCS /Gm /EHsc /RTC1 /MTd /GS /fp:precise /Zc:wchar_t /Zc:forScope /Fo"Debug\\" /Fd"Debug\vc100.pdb" /Gd /TP /analyze- /errorReport:prompt Example.cpp
         Example.cpp
       ResourceCompile:
         所有输出均为最新。
       ManifestResourceCompile:
         所有输出均为最新。
       Link:
         C:\Program Files (x86)\Microsoft Visual Studio 10.0\VC\bin\link.exe /ERRORREPORT:PROMPT /OUT:"Debug\OpenGL显示中文.exe" /INCREMENTAL /NOLOGO /LIBPATH:gl kernel32.lib user32.lib gdi32.lib winspool.lib comdlg32.lib advapi32.lib shell32.lib ole32.lib oleaut32.lib uuid.lib odbc32.lib odbccp32.lib /MANIFEST /ManifestFile:"Debug\OpenGL显示中文.exe.intermediate.manifest" /MANIFESTUAC:"level='asInvoker' uiAccess='false'" /DEBUG /PDB:"Debug\OpenGL显示中文.pdb" /SUBSYSTEM:WINDOWS /TLBID:1 /DYNAMICBASE /NXCOMPAT /IMPLIB:"Debug\OpenGL显示中文.lib" /MACHINE:X86 "Debug\OpenGL显示中文.res"
         "Debug\OpenGL显示中文.exe.embed.manifest.res"
         Debug\Example.obj
         Debug\Font.obj
         Debug\GLFrame.obj
         Debug\GLWindow.obj
         Debug\ScreenDlg.obj
       Manifest:
         C:\Program Files (x86)\Microsoft SDKs\Windows\v7.0A\bin\mt.exe /nologo /verbose /out:"Debug\OpenGL显示中文.exe.embed.manifest" /manifest "Debug\OpenGL显示中文.exe.intermediate.manifest"
         C:\Program Files (x86)\Microsoft SDKs\Windows\v7.0A\bin\rc.exe /nologo /fo"Debug\OpenGL显示中文.exe.embed.manifest.res" "Debug\OpenGL显示中文_manifest.rc" 
       LinkEmbedManifest:
         C:\Program Files (x86)\Microsoft Visual Studio 10.0\VC\bin\link.exe /ERRORREPORT:PROMPT /OUT:"Debug\OpenGL显示中文.exe" /INCREMENTAL /NOLOGO /LIBPATH:gl kernel32.lib user32.lib gdi32.lib winspool.lib comdlg32.lib advapi32.lib shell32.lib ole32.lib oleaut32.lib uuid.lib odbc32.lib odbccp32.lib /MANIFEST /ManifestFile:"Debug\OpenGL显示中文.exe.intermediate.manifest" /MANIFESTUAC:"level='asInvoker' uiAccess='false'" /DEBUG /PDB:"Debug\OpenGL显示中文.pdb" /SUBSYSTEM:WINDOWS /TLBID:1 /DYNAMICBASE /NXCOMPAT /IMPLIB:"Debug\OpenGL显示中文.lib" /MACHINE:X86 "Debug\OpenGL显示中文.res"
         "Debug\OpenGL显示中文.exe.embed.manifest.res"
         Debug\Example.obj
         Debug\Font.obj
         Debug\GLFrame.obj
         Debug\GLWindow.obj
         Debug\ScreenDlg.obj
         OpenGL显示中文.vcxproj -> F:\Project\opengl\OpenGL实例编程精粹示例源码\OpenGL实例编程精粹示例源码\第8章\OpenGL显示中文\Debug\OpenGL显示中文.exe
       FinalizeBuildStatus:
         正在删除文件“Debug\OpenGL显示中文.unsuccessfulbuild”。
         正在对“Debug\OpenGL显示中文.lastbuildstate”执行 Touch 任务。
     1>已完成生成项目“F:\Project\opengl\OpenGL实例编程精粹示例源码\OpenGL实例编程精粹示例源码\第8章\OpenGL显示中文\OpenGL显示中文.vcxproj”(build 个目标)的操作。

生成成功。

已用时间 00:00:04.04
