  CreateProjectFilesDlg.cpp
g:\opengl学习源代码\ogldl\《_visual_c++_高级编程技术opengl篇_》\《_visual_c++_高级编程技术opengl篇_》程序源代码\vvsoft.com\chap04_createprj\createprojectfilesdlg.cpp(225): warning C4996: '_splitpath': This function or variable may be unsafe. Consider using _splitpath_s instead. To disable deprecation, use _CRT_SECURE_NO_WARNINGS. See online help for details.
  c:\program files (x86)\windows kits\10\include\10.0.19041.0\ucrt\stdlib.h(1105): note: 参见“_splitpath”的声明
g:\opengl学习源代码\ogldl\《_visual_c++_高级编程技术opengl篇_》\《_visual_c++_高级编程技术opengl篇_》程序源代码\vvsoft.com\chap04_createprj\createprojectfilesdlg.cpp(241): warning C4996: 'strcpy': This function or variable may be unsafe. Consider using strcpy_s instead. To disable deprecation, use _CRT_SECURE_NO_WARNINGS. See online help for details.
  c:\program files (x86)\windows kits\10\include\10.0.19041.0\ucrt\string.h(130): note: 参见“strcpy”的声明
g:\opengl学习源代码\ogldl\《_visual_c++_高级编程技术opengl篇_》\《_visual_c++_高级编程技术opengl篇_》程序源代码\vvsoft.com\chap04_createprj\createprojectfilesdlg.cpp(242): warning C4996: 'strcpy': This function or variable may be unsafe. Consider using strcpy_s instead. To disable deprecation, use _CRT_SECURE_NO_WARNINGS. See online help for details.
  c:\program files (x86)\windows kits\10\include\10.0.19041.0\ucrt\string.h(130): note: 参见“strcpy”的声明
g:\opengl学习源代码\ogldl\《_visual_c++_高级编程技术opengl篇_》\《_visual_c++_高级编程技术opengl篇_》程序源代码\vvsoft.com\chap04_createprj\createprojectfilesdlg.cpp(248): warning C4996: 'sprintf': This function or variable may be unsafe. Consider using sprintf_s instead. To disable deprecation, use _CRT_SECURE_NO_WARNINGS. See online help for details.
  c:\program files (x86)\windows kits\10\include\10.0.19041.0\ucrt\stdio.h(1764): note: 参见“sprintf”的声明
g:\opengl学习源代码\ogldl\《_visual_c++_高级编程技术opengl篇_》\《_visual_c++_高级编程技术opengl篇_》程序源代码\vvsoft.com\chap04_createprj\createprojectfilesdlg.cpp(266): warning C4996: 'sprintf': This function or variable may be unsafe. Consider using sprintf_s instead. To disable deprecation, use _CRT_SECURE_NO_WARNINGS. See online help for details.
  c:\program files (x86)\windows kits\10\include\10.0.19041.0\ucrt\stdio.h(1764): note: 参见“sprintf”的声明
g:\opengl学习源代码\ogldl\《_visual_c++_高级编程技术opengl篇_》\《_visual_c++_高级编程技术opengl篇_》程序源代码\vvsoft.com\chap04_createprj\createprojectfilesdlg.cpp(267): warning C4996: 'sprintf': This function or variable may be unsafe. Consider using sprintf_s instead. To disable deprecation, use _CRT_SECURE_NO_WARNINGS. See online help for details.
  c:\program files (x86)\windows kits\10\include\10.0.19041.0\ucrt\stdio.h(1764): note: 参见“sprintf”的声明
g:\opengl学习源代码\ogldl\《_visual_c++_高级编程技术opengl篇_》\《_visual_c++_高级编程技术opengl篇_》程序源代码\vvsoft.com\chap04_createprj\createprojectfilesdlg.cpp(268): warning C4996: 'mkdir': The POSIX name for this item is deprecated. Instead, use the ISO C and C++ conformant name: _mkdir. See online help for details.
  c:\program files (x86)\windows kits\10\include\10.0.19041.0\ucrt\direct.h(115): note: 参见“mkdir”的声明
g:\opengl学习源代码\ogldl\《_visual_c++_高级编程技术opengl篇_》\《_visual_c++_高级编程技术opengl篇_》程序源代码\vvsoft.com\chap04_createprj\createprojectfilesdlg.cpp(277): warning C4996: 'sprintf': This function or variable may be unsafe. Consider using sprintf_s instead. To disable deprecation, use _CRT_SECURE_NO_WARNINGS. See online help for details.
  c:\program files (x86)\windows kits\10\include\10.0.19041.0\ucrt\stdio.h(1764): note: 参见“sprintf”的声明
g:\opengl学习源代码\ogldl\《_visual_c++_高级编程技术opengl篇_》\《_visual_c++_高级编程技术opengl篇_》程序源代码\vvsoft.com\chap04_createprj\createprojectfilesdlg.cpp(281): warning C4996: '_splitpath': This function or variable may be unsafe. Consider using _splitpath_s instead. To disable deprecation, use _CRT_SECURE_NO_WARNINGS. See online help for details.
  c:\program files (x86)\windows kits\10\include\10.0.19041.0\ucrt\stdlib.h(1105): note: 参见“_splitpath”的声明
g:\opengl学习源代码\ogldl\《_visual_c++_高级编程技术opengl篇_》\《_visual_c++_高级编程技术opengl篇_》程序源代码\vvsoft.com\chap04_createprj\createprojectfilesdlg.cpp(284): warning C4996: 'sprintf': This function or variable may be unsafe. Consider using sprintf_s instead. To disable deprecation, use _CRT_SECURE_NO_WARNINGS. See online help for details.
  c:\program files (x86)\windows kits\10\include\10.0.19041.0\ucrt\stdio.h(1764): note: 参见“sprintf”的声明
g:\opengl学习源代码\ogldl\《_visual_c++_高级编程技术opengl篇_》\《_visual_c++_高级编程技术opengl篇_》程序源代码\vvsoft.com\chap04_createprj\createprojectfilesdlg.cpp(309): warning C4996: '_splitpath': This function or variable may be unsafe. Consider using _splitpath_s instead. To disable deprecation, use _CRT_SECURE_NO_WARNINGS. See online help for details.
  c:\program files (x86)\windows kits\10\include\10.0.19041.0\ucrt\stdlib.h(1105): note: 参见“_splitpath”的声明
g:\opengl学习源代码\ogldl\《_visual_c++_高级编程技术opengl篇_》\《_visual_c++_高级编程技术opengl篇_》程序源代码\vvsoft.com\chap04_createprj\createprojectfilesdlg.cpp(312): warning C4996: 'stricmp': The POSIX name for this item is deprecated. Instead, use the ISO C and C++ conformant name: _stricmp. See online help for details.
  c:\program files (x86)\windows kits\10\include\10.0.19041.0\ucrt\string.h(545): note: 参见“stricmp”的声明
g:\opengl学习源代码\ogldl\《_visual_c++_高级编程技术opengl篇_》\《_visual_c++_高级编程技术opengl篇_》程序源代码\vvsoft.com\chap04_createprj\createprojectfilesdlg.cpp(313): warning C4996: 'stricmp': The POSIX name for this item is deprecated. Instead, use the ISO C and C++ conformant name: _stricmp. See online help for details.
  c:\program files (x86)\windows kits\10\include\10.0.19041.0\ucrt\string.h(545): note: 参见“stricmp”的声明
g:\opengl学习源代码\ogldl\《_visual_c++_高级编程技术opengl篇_》\《_visual_c++_高级编程技术opengl篇_》程序源代码\vvsoft.com\chap04_createprj\createprojectfilesdlg.cpp(314): warning C4996: 'stricmp': The POSIX name for this item is deprecated. Instead, use the ISO C and C++ conformant name: _stricmp. See online help for details.
  c:\program files (x86)\windows kits\10\include\10.0.19041.0\ucrt\string.h(545): note: 参见“stricmp”的声明
g:\opengl学习源代码\ogldl\《_visual_c++_高级编程技术opengl篇_》\《_visual_c++_高级编程技术opengl篇_》程序源代码\vvsoft.com\chap04_createprj\createprojectfilesdlg.cpp(315): warning C4996: 'stricmp': The POSIX name for this item is deprecated. Instead, use the ISO C and C++ conformant name: _stricmp. See online help for details.
  c:\program files (x86)\windows kits\10\include\10.0.19041.0\ucrt\string.h(545): note: 参见“stricmp”的声明
g:\opengl学习源代码\ogldl\《_visual_c++_高级编程技术opengl篇_》\《_visual_c++_高级编程技术opengl篇_》程序源代码\vvsoft.com\chap04_createprj\createprojectfilesdlg.cpp(316): warning C4996: 'stricmp': The POSIX name for this item is deprecated. Instead, use the ISO C and C++ conformant name: _stricmp. See online help for details.
  c:\program files (x86)\windows kits\10\include\10.0.19041.0\ucrt\string.h(545): note: 参见“stricmp”的声明
g:\opengl学习源代码\ogldl\《_visual_c++_高级编程技术opengl篇_》\《_visual_c++_高级编程技术opengl篇_》程序源代码\vvsoft.com\chap04_createprj\createprojectfilesdlg.cpp(317): warning C4996: 'stricmp': The POSIX name for this item is deprecated. Instead, use the ISO C and C++ conformant name: _stricmp. See online help for details.
  c:\program files (x86)\windows kits\10\include\10.0.19041.0\ucrt\string.h(545): note: 参见“stricmp”的声明
g:\opengl学习源代码\ogldl\《_visual_c++_高级编程技术opengl篇_》\《_visual_c++_高级编程技术opengl篇_》程序源代码\vvsoft.com\chap04_createprj\createprojectfilesdlg.cpp(318): warning C4996: 'stricmp': The POSIX name for this item is deprecated. Instead, use the ISO C and C++ conformant name: _stricmp. See online help for details.
  c:\program files (x86)\windows kits\10\include\10.0.19041.0\ucrt\string.h(545): note: 参见“stricmp”的声明
g:\opengl学习源代码\ogldl\《_visual_c++_高级编程技术opengl篇_》\《_visual_c++_高级编程技术opengl篇_》程序源代码\vvsoft.com\chap04_createprj\createprojectfilesdlg.cpp(319): warning C4996: 'stricmp': The POSIX name for this item is deprecated. Instead, use the ISO C and C++ conformant name: _stricmp. See online help for details.
  c:\program files (x86)\windows kits\10\include\10.0.19041.0\ucrt\string.h(545): note: 参见“stricmp”的声明
g:\opengl学习源代码\ogldl\《_visual_c++_高级编程技术opengl篇_》\《_visual_c++_高级编程技术opengl篇_》程序源代码\vvsoft.com\chap04_createprj\createprojectfilesdlg.cpp(320): warning C4996: 'stricmp': The POSIX name for this item is deprecated. Instead, use the ISO C and C++ conformant name: _stricmp. See online help for details.
  c:\program files (x86)\windows kits\10\include\10.0.19041.0\ucrt\string.h(545): note: 参见“stricmp”的声明
g:\opengl学习源代码\ogldl\《_visual_c++_高级编程技术opengl篇_》\《_visual_c++_高级编程技术opengl篇_》程序源代码\vvsoft.com\chap04_createprj\createprojectfilesdlg.cpp(321): warning C4996: 'stricmp': The POSIX name for this item is deprecated. Instead, use the ISO C and C++ conformant name: _stricmp. See online help for details.
  c:\program files (x86)\windows kits\10\include\10.0.19041.0\ucrt\string.h(545): note: 参见“stricmp”的声明
g:\opengl学习源代码\ogldl\《_visual_c++_高级编程技术opengl篇_》\《_visual_c++_高级编程技术opengl篇_》程序源代码\vvsoft.com\chap04_createprj\createprojectfilesdlg.cpp(325): warning C4996: 'fopen': This function or variable may be unsafe. Consider using fopen_s instead. To disable deprecation, use _CRT_SECURE_NO_WARNINGS. See online help for details.
  c:\program files (x86)\windows kits\10\include\10.0.19041.0\ucrt\stdio.h(213): note: 参见“fopen”的声明
g:\opengl学习源代码\ogldl\《_visual_c++_高级编程技术opengl篇_》\《_visual_c++_高级编程技术opengl篇_》程序源代码\vvsoft.com\chap04_createprj\createprojectfilesdlg.cpp(327): warning C4996: 'fopen': This function or variable may be unsafe. Consider using fopen_s instead. To disable deprecation, use _CRT_SECURE_NO_WARNINGS. See online help for details.
  c:\program files (x86)\windows kits\10\include\10.0.19041.0\ucrt\stdio.h(213): note: 参见“fopen”的声明
g:\opengl学习源代码\ogldl\《_visual_c++_高级编程技术opengl篇_》\《_visual_c++_高级编程技术opengl篇_》程序源代码\vvsoft.com\chap04_createprj\createprojectfilesdlg.cpp(405): warning C4018: “<”: 有符号/无符号不匹配
g:\opengl学习源代码\ogldl\《_visual_c++_高级编程技术opengl篇_》\《_visual_c++_高级编程技术opengl篇_》程序源代码\vvsoft.com\chap04_createprj\createprojectfilesdlg.cpp(361): warning C4996: 'strcpy': This function or variable may be unsafe. Consider using strcpy_s instead. To disable deprecation, use _CRT_SECURE_NO_WARNINGS. See online help for details.
  c:\program files (x86)\windows kits\10\include\10.0.19041.0\ucrt\string.h(130): note: 参见“strcpy”的声明
g:\opengl学习源代码\ogldl\《_visual_c++_高级编程技术opengl篇_》\《_visual_c++_高级编程技术opengl篇_》程序源代码\vvsoft.com\chap04_createprj\createprojectfilesdlg.cpp(362): warning C4996: 'strcpy': This function or variable may be unsafe. Consider using strcpy_s instead. To disable deprecation, use _CRT_SECURE_NO_WARNINGS. See online help for details.
  c:\program files (x86)\windows kits\10\include\10.0.19041.0\ucrt\string.h(130): note: 参见“strcpy”的声明
g:\opengl学习源代码\ogldl\《_visual_c++_高级编程技术opengl篇_》\《_visual_c++_高级编程技术opengl篇_》程序源代码\vvsoft.com\chap04_createprj\createprojectfilesdlg.cpp(364): warning C4996: 'strupr': The POSIX name for this item is deprecated. Instead, use the ISO C and C++ conformant name: _strupr. See online help for details.
  c:\program files (x86)\windows kits\10\include\10.0.19041.0\ucrt\string.h(580): note: 参见“strupr”的声明
g:\opengl学习源代码\ogldl\《_visual_c++_高级编程技术opengl篇_》\《_visual_c++_高级编程技术opengl篇_》程序源代码\vvsoft.com\chap04_createprj\createprojectfilesdlg.cpp(365): warning C4996: 'strupr': The POSIX name for this item is deprecated. Instead, use the ISO C and C++ conformant name: _strupr. See online help for details.
  c:\program files (x86)\windows kits\10\include\10.0.19041.0\ucrt\string.h(580): note: 参见“strupr”的声明
g:\opengl学习源代码\ogldl\《_visual_c++_高级编程技术opengl篇_》\《_visual_c++_高级编程技术opengl篇_》程序源代码\vvsoft.com\chap04_createprj\createprojectfilesdlg.cpp(384): warning C4996: 'strcpy': This function or variable may be unsafe. Consider using strcpy_s instead. To disable deprecation, use _CRT_SECURE_NO_WARNINGS. See online help for details.
  c:\program files (x86)\windows kits\10\include\10.0.19041.0\ucrt\string.h(130): note: 参见“strcpy”的声明
g:\opengl学习源代码\ogldl\《_visual_c++_高级编程技术opengl篇_》\《_visual_c++_高级编程技术opengl篇_》程序源代码\vvsoft.com\chap04_createprj\createprojectfilesdlg.cpp(385): warning C4996: 'strupr': The POSIX name for this item is deprecated. Instead, use the ISO C and C++ conformant name: _strupr. See online help for details.
  c:\program files (x86)\windows kits\10\include\10.0.19041.0\ucrt\string.h(580): note: 参见“strupr”的声明
g:\opengl学习源代码\ogldl\《_visual_c++_高级编程技术opengl篇_》\《_visual_c++_高级编程技术opengl篇_》程序源代码\vvsoft.com\chap04_createprj\createprojectfilesdlg.cpp(410): warning C4996: 'strcpy': This function or variable may be unsafe. Consider using strcpy_s instead. To disable deprecation, use _CRT_SECURE_NO_WARNINGS. See online help for details.
  c:\program files (x86)\windows kits\10\include\10.0.19041.0\ucrt\string.h(130): note: 参见“strcpy”的声明
g:\opengl学习源代码\ogldl\《_visual_c++_高级编程技术opengl篇_》\《_visual_c++_高级编程技术opengl篇_》程序源代码\vvsoft.com\chap04_createprj\createprojectfilesdlg.cpp(411): warning C4996: 'strcpy': This function or variable may be unsafe. Consider using strcpy_s instead. To disable deprecation, use _CRT_SECURE_NO_WARNINGS. See online help for details.
  c:\program files (x86)\windows kits\10\include\10.0.19041.0\ucrt\string.h(130): note: 参见“strcpy”的声明
g:\opengl学习源代码\ogldl\《_visual_c++_高级编程技术opengl篇_》\《_visual_c++_高级编程技术opengl篇_》程序源代码\vvsoft.com\chap04_createprj\createprojectfilesdlg.cpp(413): warning C4996: 'strupr': The POSIX name for this item is deprecated. Instead, use the ISO C and C++ conformant name: _strupr. See online help for details.
  c:\program files (x86)\windows kits\10\include\10.0.19041.0\ucrt\string.h(580): note: 参见“strupr”的声明
g:\opengl学习源代码\ogldl\《_visual_c++_高级编程技术opengl篇_》\《_visual_c++_高级编程技术opengl篇_》程序源代码\vvsoft.com\chap04_createprj\createprojectfilesdlg.cpp(414): warning C4996: 'strupr': The POSIX name for this item is deprecated. Instead, use the ISO C and C++ conformant name: _strupr. See online help for details.
  c:\program files (x86)\windows kits\10\include\10.0.19041.0\ucrt\string.h(580): note: 参见“strupr”的声明
CreateProjectFiles.obj : warning LNK4075: 忽略“/EDITANDCONTINUE”(由于“/SAFESEH”规范)
  CreateProjectFiles.vcxproj -> G:\OpenGL学习源代码\OGLDL\《_Visual_C++_高级编程技术OpenGL篇_》\《_Visual_C++_高级编程技术OpenGL篇_》程序源代码\vvsoft.com\Chap04_CreatePrj\.\Debug\CreateProjectFiles.exe
