<?xml version="1.0" encoding="utf-8" ?>
<!-- DO NOT EDIT THIS FILE -->
<log version='2.0' source='mc'>
	<msg id='1' display='true' source='mc'>
		<type>ANALYSIS_START</type>
		<timestamp>Mon Mar 19 22:37:45 2012</timestamp>
		<severity>INFO</severity>
		<description>EXEC_OF_INTEREST</description>
		<arg name='path'>c:\users\admin\desktop\opengl编程精粹67541967\opengl实例编程精粹\第4章\3dgraphics\debug\3DGraphics.exe</arg>
		<arg name='pid'>2356</arg>
	</msg>
	<msg id='2' display='true' source='mc'>
		<type>MODULE_LOAD</type>
		<description> Module loaded c:\users\admin\desktop\opengl编程精粹67541967\opengl实例编程精粹\第4章\3dgraphics\debug\3DGraphics.exe, address range [0x00400000-0x004f1fff]</description>
		<severity>INFO</severity>
		<arg name='path'>c:\users\admin\desktop\opengl编程精粹67541967\opengl实例编程精粹\第4章\3dgraphics\debug\3DGraphics.exe</arg>
		<arg name='addr1'>0x00400000</arg>
		<arg name='addr2'>0x004f1fff</arg>
	</msg>
	<msg id='3' display='true' source='mc'>
		<type>MODULE_LOAD</type>
		<description> Module loaded C:\Windows\system32\OPENGL32.dll, address range [0x6b130000-0x6b1f7fff]</description>
		<severity>INFO</severity>
		<arg name='path'>C:\Windows\system32\OPENGL32.dll</arg>
		<arg name='addr1'>0x6b130000</arg>
		<arg name='addr2'>0x6b1f7fff</arg>
	</msg>
	<msg id='4' display='true' source='mc'>
		<type>MODULE_LOAD</type>
		<description> Module loaded C:\Windows\AppPatch\AcLayers.DLL, address range [0x719f0000-0x71a7cfff]</description>
		<severity>INFO</severity>
		<arg name='path'>C:\Windows\AppPatch\AcLayers.DLL</arg>
		<arg name='addr1'>0x719f0000</arg>
		<arg name='addr2'>0x71a7cfff</arg>
	</msg>
	<msg id='5' display='true' source='mc'>
		<type>MODULE_LOAD</type>
		<description> Module loaded C:\Windows\system32\MPR.dll, address range [0x73180000-0x73191fff]</description>
		<severity>INFO</severity>
		<arg name='path'>C:\Windows\system32\MPR.dll</arg>
		<arg name='addr1'>0x73180000</arg>
		<arg name='addr2'>0x73191fff</arg>
	</msg>
	<msg id='6' display='true' source='mc'>
		<type>MODULE_LOAD</type>
		<description> Module loaded C:\Windows\system32\USERENV.dll, address range [0x732c0000-0x732d6fff]</description>
		<severity>INFO</severity>
		<arg name='path'>C:\Windows\system32\USERENV.dll</arg>
		<arg name='addr1'>0x732c0000</arg>
		<arg name='addr2'>0x732d6fff</arg>
	</msg>
	<msg id='7' display='true' source='mc'>
		<type>MODULE_LOAD</type>
		<description> Module loaded C:\Windows\system32\profapi.dll, address range [0x734e0000-0x734eafff]</description>
		<severity>INFO</severity>
		<arg name='path'>C:\Windows\system32\profapi.dll</arg>
		<arg name='addr1'>0x734e0000</arg>
		<arg name='addr2'>0x734eafff</arg>
	</msg>
	<msg id='8' display='true' source='mc'>
		<type>MODULE_LOAD</type>
		<description> Module loaded C:\Windows\system32\WINSPOOL.DRV, address range [0x73600000-0x73650fff]</description>
		<severity>INFO</severity>
		<arg name='path'>C:\Windows\system32\WINSPOOL.DRV</arg>
		<arg name='addr1'>0x73600000</arg>
		<arg name='addr2'>0x73650fff</arg>
	</msg>
	<msg id='9' display='true' source='mc'>
		<type>MODULE_LOAD</type>
		<description> Module loaded C:\Windows\system32\GLU32.dll, address range [0x73810000-0x73831fff]</description>
		<severity>INFO</severity>
		<arg name='path'>C:\Windows\system32\GLU32.dll</arg>
		<arg name='addr1'>0x73810000</arg>
		<arg name='addr2'>0x73831fff</arg>
	</msg>
	<msg id='10' display='true' source='mc'>
		<type>MODULE_LOAD</type>
		<description> Module loaded C:\Windows\system32\apphelp.dll, address range [0x738f0000-0x7393bfff]</description>
		<severity>INFO</severity>
		<arg name='path'>C:\Windows\system32\apphelp.dll</arg>
		<arg name='addr1'>0x738f0000</arg>
		<arg name='addr2'>0x7393bfff</arg>
	</msg>
	<msg id='11' display='true' source='mc'>
		<type>MODULE_LOAD</type>
		<description> Module loaded C:\Windows\system32\DDRAW.dll, address range [0x745d0000-0x746b6fff]</description>
		<severity>INFO</severity>
		<arg name='path'>C:\Windows\system32\DDRAW.dll</arg>
		<arg name='addr1'>0x745d0000</arg>
		<arg name='addr2'>0x746b6fff</arg>
	</msg>
	<msg id='12' display='true' source='mc'>
		<type>MODULE_LOAD</type>
		<description> Module loaded C:\Windows\system32\DCIMAN32.dll, address range [0x74910000-0x74915fff]</description>
		<severity>INFO</severity>
		<arg name='path'>C:\Windows\system32\DCIMAN32.dll</arg>
		<arg name='addr1'>0x74910000</arg>
		<arg name='addr2'>0x74915fff</arg>
	</msg>
	<msg id='13' display='true' source='mc'>
		<type>MODULE_LOAD</type>
		<description> Module loaded C:\Windows\system32\dwmapi.dll, address range [0x74920000-0x74932fff]</description>
		<severity>INFO</severity>
		<arg name='path'>C:\Windows\system32\dwmapi.dll</arg>
		<arg name='addr1'>0x74920000</arg>
		<arg name='addr2'>0x74932fff</arg>
	</msg>
	<msg id='14' display='true' source='mc'>
		<type>MODULE_LOAD</type>
		<description> Module loaded C:\Windows\syswow64\CRYPTBASE.dll, address range [0x74b80000-0x74b8bfff]</description>
		<severity>INFO</severity>
		<arg name='path'>C:\Windows\syswow64\CRYPTBASE.dll</arg>
		<arg name='addr1'>0x74b80000</arg>
		<arg name='addr2'>0x74b8bfff</arg>
	</msg>
	<msg id='15' display='true' source='mc'>
		<type>MODULE_LOAD</type>
		<description> Module loaded C:\Windows\syswow64\SspiCli.dll, address range [0x74b90000-0x74beffff]</description>
		<severity>INFO</severity>
		<arg name='path'>C:\Windows\syswow64\SspiCli.dll</arg>
		<arg name='addr1'>0x74b90000</arg>
		<arg name='addr2'>0x74beffff</arg>
	</msg>
	<msg id='16' display='true' source='mc'>
		<type>MODULE_LOAD</type>
		<description> Module loaded C:\Windows\syswow64\SHLWAPI.dll, address range [0x74c40000-0x74c96fff]</description>
		<severity>INFO</severity>
		<arg name='path'>C:\Windows\syswow64\SHLWAPI.dll</arg>
		<arg name='addr1'>0x74c40000</arg>
		<arg name='addr2'>0x74c96fff</arg>
	</msg>
	<msg id='17' display='true' source='mc'>
		<type>MODULE_LOAD</type>
		<description> Module loaded C:\Windows\syswow64\CFGMGR32.dll, address range [0x74d50000-0x74d76fff]</description>
		<severity>INFO</severity>
		<arg name='path'>C:\Windows\syswow64\CFGMGR32.dll</arg>
		<arg name='addr1'>0x74d50000</arg>
		<arg name='addr2'>0x74d76fff</arg>
	</msg>
	<msg id='18' display='true' source='mc'>
		<type>MODULE_LOAD</type>
		<description> Module loaded C:\Windows\syswow64\kernel32.dll, address range [0x74d80000-0x74e8ffff]</description>
		<severity>INFO</severity>
		<arg name='path'>C:\Windows\syswow64\kernel32.dll</arg>
		<arg name='addr1'>0x74d80000</arg>
		<arg name='addr2'>0x74e8ffff</arg>
	</msg>
	<msg id='19' display='true' source='mc'>
		<type>MODULE_LOAD</type>
		<description> Module loaded C:\Windows\syswow64\SHELL32.dll, address range [0x74e90000-0x75ad9fff]</description>
		<severity>INFO</severity>
		<arg name='path'>C:\Windows\syswow64\SHELL32.dll</arg>
		<arg name='addr1'>0x74e90000</arg>
		<arg name='addr2'>0x75ad9fff</arg>
	</msg>
	<msg id='20' display='true' source='mc'>
		<type>MODULE_LOAD</type>
		<description> Module loaded C:\Windows\syswow64\USP10.dll, address range [0x75ae0000-0x75b7cfff]</description>
		<severity>INFO</severity>
		<arg name='path'>C:\Windows\syswow64\USP10.dll</arg>
		<arg name='addr1'>0x75ae0000</arg>
		<arg name='addr2'>0x75b7cfff</arg>
	</msg>
	<msg id='21' display='true' source='mc'>
		<type>MODULE_LOAD</type>
		<description> Module loaded C:\Windows\syswow64\LPK.dll, address range [0x75b80000-0x75b89fff]</description>
		<severity>INFO</severity>
		<arg name='path'>C:\Windows\syswow64\LPK.dll</arg>
		<arg name='addr1'>0x75b80000</arg>
		<arg name='addr2'>0x75b89fff</arg>
	</msg>
	<msg id='22' display='true' source='mc'>
		<type>MODULE_LOAD</type>
		<description> Module loaded C:\Windows\syswow64\USER32.dll, address range [0x75ca0000-0x75d9ffff]</description>
		<severity>INFO</severity>
		<arg name='path'>C:\Windows\syswow64\USER32.dll</arg>
		<arg name='addr1'>0x75ca0000</arg>
		<arg name='addr2'>0x75d9ffff</arg>
	</msg>
	<msg id='23' display='true' source='mc'>
		<type>MODULE_LOAD</type>
		<description> Module loaded C:\Windows\syswow64\GDI32.dll, address range [0x75da0000-0x75e2ffff]</description>
		<severity>INFO</severity>
		<arg name='path'>C:\Windows\syswow64\GDI32.dll</arg>
		<arg name='addr1'>0x75da0000</arg>
		<arg name='addr2'>0x75e2ffff</arg>
	</msg>
	<msg id='24' display='true' source='mc'>
		<type>MODULE_LOAD</type>
		<description> Module loaded C:\Windows\syswow64\MSCTF.dll, address range [0x75fe0000-0x760abfff]</description>
		<severity>INFO</severity>
		<arg name='path'>C:\Windows\syswow64\MSCTF.dll</arg>
		<arg name='addr1'>0x75fe0000</arg>
		<arg name='addr2'>0x760abfff</arg>
	</msg>
	<msg id='25' display='true' source='mc'>
		<type>MODULE_LOAD</type>
		<description> Module loaded C:\Windows\syswow64\msvcrt.dll, address range [0x760b0000-0x7615bfff]</description>
		<severity>INFO</severity>
		<arg name='path'>C:\Windows\syswow64\msvcrt.dll</arg>
		<arg name='addr1'>0x760b0000</arg>
		<arg name='addr2'>0x7615bfff</arg>
	</msg>
	<msg id='26' display='true' source='mc'>
		<type>MODULE_LOAD</type>
		<description> Module loaded C:\Windows\syswow64\RPCRT4.dll, address range [0x76280000-0x7636ffff]</description>
		<severity>INFO</severity>
		<arg name='path'>C:\Windows\syswow64\RPCRT4.dll</arg>
		<arg name='addr1'>0x76280000</arg>
		<arg name='addr2'>0x7636ffff</arg>
	</msg>
	<msg id='27' display='true' source='mc'>
		<type>MODULE_LOAD</type>
		<description> Module loaded C:\Windows\syswow64\OLEAUT32.dll, address range [0x76370000-0x763fefff]</description>
		<severity>INFO</severity>
		<arg name='path'>C:\Windows\syswow64\OLEAUT32.dll</arg>
		<arg name='addr1'>0x76370000</arg>
		<arg name='addr2'>0x763fefff</arg>
	</msg>
	<msg id='28' display='true' source='mc'>
		<type>MODULE_LOAD</type>
		<description> Module loaded C:\Windows\syswow64\SETUPAPI.dll, address range [0x76450000-0x765ecfff]</description>
		<severity>INFO</severity>
		<arg name='path'>C:\Windows\syswow64\SETUPAPI.dll</arg>
		<arg name='addr1'>0x76450000</arg>
		<arg name='addr2'>0x765ecfff</arg>
	</msg>
	<msg id='29' display='true' source='mc'>
		<type>MODULE_LOAD</type>
		<description> Module loaded C:\Windows\syswow64\KERNELBASE.dll, address range [0x76710000-0x76755fff]</description>
		<severity>INFO</severity>
		<arg name='path'>C:\Windows\syswow64\KERNELBASE.dll</arg>
		<arg name='addr1'>0x76710000</arg>
		<arg name='addr2'>0x76755fff</arg>
	</msg>
	<msg id='30' display='true' source='mc'>
		<type>MODULE_LOAD</type>
		<description> Module loaded C:\Windows\system32\IMM32.DLL, address range [0x76760000-0x767bffff]</description>
		<severity>INFO</severity>
		<arg name='path'>C:\Windows\system32\IMM32.DLL</arg>
		<arg name='addr1'>0x76760000</arg>
		<arg name='addr2'>0x767bffff</arg>
	</msg>
	<msg id='31' display='true' source='mc'>
		<type>MODULE_LOAD</type>
		<description> Module loaded C:\Windows\syswow64\ADVAPI32.dll, address range [0x767c0000-0x7685ffff]</description>
		<severity>INFO</severity>
		<arg name='path'>C:\Windows\syswow64\ADVAPI32.dll</arg>
		<arg name='addr1'>0x767c0000</arg>
		<arg name='addr2'>0x7685ffff</arg>
	</msg>
	<msg id='32' display='true' source='mc'>
		<type>MODULE_LOAD</type>
		<description> Module loaded C:\Windows\SysWOW64\sechost.dll, address range [0x76860000-0x76878fff]</description>
		<severity>INFO</severity>
		<arg name='path'>C:\Windows\SysWOW64\sechost.dll</arg>
		<arg name='addr1'>0x76860000</arg>
		<arg name='addr2'>0x76878fff</arg>
	</msg>
	<msg id='33' display='true' source='mc'>
		<type>MODULE_LOAD</type>
		<description> Module loaded C:\Windows\syswow64\DEVOBJ.dll, address range [0x76a70000-0x76a81fff]</description>
		<severity>INFO</severity>
		<arg name='path'>C:\Windows\syswow64\DEVOBJ.dll</arg>
		<arg name='addr1'>0x76a70000</arg>
		<arg name='addr2'>0x76a81fff</arg>
	</msg>
	<msg id='34' display='true' source='mc'>
		<type>MODULE_LOAD</type>
		<description> Module loaded C:\Windows\syswow64\ole32.dll, address range [0x76a90000-0x76bebfff]</description>
		<severity>INFO</severity>
		<arg name='path'>C:\Windows\syswow64\ole32.dll</arg>
		<arg name='addr1'>0x76a90000</arg>
		<arg name='addr2'>0x76bebfff</arg>
	</msg>
	<msg id='35' display='true' source='mc'>
		<type>MODULE_LOAD</type>
		<description> Module loaded C:\Windows\syswow64\PSAPI.DLL, address range [0x77480000-0x77484fff]</description>
		<severity>INFO</severity>
		<arg name='path'>C:\Windows\syswow64\PSAPI.DLL</arg>
		<arg name='addr1'>0x77480000</arg>
		<arg name='addr2'>0x77484fff</arg>
	</msg>
	<msg id='36' display='true' source='mc'>
		<type>MODULE_LOAD</type>
		<description> Module loaded C:\Windows\SysWOW64\ntdll.dll, address range [0x774b0000-0x7762ffff]</description>
		<severity>INFO</severity>
		<arg name='path'>C:\Windows\SysWOW64\ntdll.dll</arg>
		<arg name='addr1'>0x774b0000</arg>
		<arg name='addr2'>0x7762ffff</arg>
	</msg>
	<msg id='37' display='true' source='mc'>
		<type>MODULE_LOAD</type>
		<description> Module loaded C:\Windows\system32\uxtheme.dll, address range [0x746c0000-0x7473ffff]</description>
		<severity>INFO</severity>
		<arg name='path'>C:\Windows\system32\uxtheme.dll</arg>
		<arg name='addr1'>0x746c0000</arg>
		<arg name='addr2'>0x7473ffff</arg>
	</msg>
	<msg id='38' display='true' source='mc'>
		<type>MODULE_LOAD</type>
		<description> Module loaded C:\Windows\system32\ole32.dll, address range [0x075a0000-0x076fbfff]</description>
		<severity>INFO</severity>
		<arg name='path'>C:\Windows\system32\ole32.dll</arg>
		<arg name='addr1'>0x075a0000</arg>
		<arg name='addr2'>0x076fbfff</arg>
	</msg>
	<msg id='39' display='true' source='mc'>
		<type>MODULE_UNLOAD</type>
		<description> Module unloaded </description>
		<severity>INFO</severity>
		<arg name='path'>C:\Windows\system32\ole32.dll</arg>
	</msg>
	<msg id='40' display='true' source='mc'>
		<type>MODULE_LOAD</type>
		<description> Module loaded C:\Windows\system32\nvoglv32.DLL, address range [0x69500000-0x6a377fff]</description>
		<severity>INFO</severity>
		<arg name='path'>C:\Windows\system32\nvoglv32.DLL</arg>
		<arg name='addr1'>0x69500000</arg>
		<arg name='addr2'>0x6a377fff</arg>
	</msg>
	<msg id='41' display='true' source='mc'>
		<type>MODULE_LOAD</type>
		<description> Module loaded C:\Windows\syswow64\WINTRUST.dll, address range [0x74ca0000-0x74cccfff]</description>
		<severity>INFO</severity>
		<arg name='path'>C:\Windows\syswow64\WINTRUST.dll</arg>
		<arg name='addr1'>0x74ca0000</arg>
		<arg name='addr2'>0x74cccfff</arg>
	</msg>
	<msg id='42' display='true' source='mc'>
		<type>MODULE_LOAD</type>
		<description> Module loaded C:\Windows\syswow64\CRYPT32.dll, address range [0x765f0000-0x7670cfff]</description>
		<severity>INFO</severity>
		<arg name='path'>C:\Windows\syswow64\CRYPT32.dll</arg>
		<arg name='addr1'>0x765f0000</arg>
		<arg name='addr2'>0x7670cfff</arg>
	</msg>
	<msg id='43' display='true' source='mc'>
		<type>MODULE_LOAD</type>
		<description> Module loaded C:\Windows\syswow64\MSASN1.dll, address range [0x75c80000-0x75c8bfff]</description>
		<severity>INFO</severity>
		<arg name='path'>C:\Windows\syswow64\MSASN1.dll</arg>
		<arg name='addr1'>0x75c80000</arg>
		<arg name='addr2'>0x75c8bfff</arg>
	</msg>
</log>
